2021/12/04 17:01:35 [notice] 1#1: using the "epoll" event method
2021/12/04 17:01:35 [notice] 1#1: nginx/1.21.4
2021/12/04 17:01:35 [notice] 1#1: built by gcc 10.2.1 20210110 (Debian 10.2.1-6) 
2021/12/04 17:01:35 [notice] 1#1: OS: Linux 5.10.47-linuxkit
2021/12/04 17:01:35 [notice] 1#1: getrlimit(RLIMIT_NOFILE): 1048576:1048576
2021/12/04 17:01:35 [notice] 1#1: start worker processes
2021/12/04 17:01:35 [notice] 1#1: start worker process 31
2021/12/04 17:01:35 [notice] 1#1: start worker process 32
2021/12/04 17:01:35 [notice] 1#1: start worker process 33
2021/12/04 17:01:35 [notice] 1#1: start worker process 34
2021/12/04 17:03:52 [notice] 1#1: using the "epoll" event method
2021/12/04 17:03:52 [notice] 1#1: nginx/1.21.4
2021/12/04 17:03:52 [notice] 1#1: built by gcc 10.2.1 20210110 (Debian 10.2.1-6) 
2021/12/04 17:03:52 [notice] 1#1: OS: Linux 5.10.47-linuxkit
2021/12/04 17:03:52 [notice] 1#1: getrlimit(RLIMIT_NOFILE): 1048576:1048576
2021/12/04 17:03:52 [notice] 1#1: start worker processes
2021/12/04 17:03:52 [notice] 1#1: start worker process 25
2021/12/04 17:03:52 [notice] 1#1: start worker process 26
2021/12/04 17:03:52 [notice] 1#1: start worker process 27
2021/12/04 17:03:52 [notice] 1#1: start worker process 28
2021/12/04 18:06:10 [notice] 1#1: using the "epoll" event method
2021/12/04 18:06:10 [notice] 1#1: nginx/1.21.4
2021/12/04 18:06:10 [notice] 1#1: built by gcc 10.2.1 20210110 (Debian 10.2.1-6) 
2021/12/04 18:06:10 [notice] 1#1: OS: Linux 5.10.47-linuxkit
2021/12/04 18:06:10 [notice] 1#1: getrlimit(RLIMIT_NOFILE): 1048576:1048576
2021/12/04 18:06:10 [notice] 1#1: start worker processes
2021/12/04 18:06:10 [notice] 1#1: start worker process 34
2021/12/04 18:06:10 [notice] 1#1: start worker process 35
2021/12/04 18:06:10 [notice] 1#1: start worker process 36
2021/12/04 18:06:10 [notice] 1#1: start worker process 37
2021/12/04 18:19:12 [notice] 1#1: using the "epoll" event method
2021/12/04 18:19:12 [notice] 1#1: nginx/1.21.4
2021/12/04 18:19:12 [notice] 1#1: built by gcc 10.2.1 20210110 (Debian 10.2.1-6) 
2021/12/04 18:19:12 [notice] 1#1: OS: Linux 5.10.47-linuxkit
2021/12/04 18:19:12 [notice] 1#1: getrlimit(RLIMIT_NOFILE): 1048576:1048576
2021/12/04 18:19:12 [notice] 1#1: start worker processes
2021/12/04 18:19:12 [notice] 1#1: start worker process 31
2021/12/04 18:19:12 [notice] 1#1: start worker process 32
2021/12/04 18:19:12 [notice] 1#1: start worker process 33
2021/12/04 18:19:12 [notice] 1#1: start worker process 34
2021/12/04 18:22:05 [notice] 1#1: using the "epoll" event method
2021/12/04 18:22:05 [notice] 1#1: nginx/1.21.4
2021/12/04 18:22:05 [notice] 1#1: built by gcc 10.2.1 20210110 (Debian 10.2.1-6) 
2021/12/04 18:22:05 [notice] 1#1: OS: Linux 5.10.47-linuxkit
2021/12/04 18:22:05 [notice] 1#1: getrlimit(RLIMIT_NOFILE): 1048576:1048576
2021/12/04 18:22:05 [notice] 1#1: start worker processes
2021/12/04 18:22:05 [notice] 1#1: start worker process 32
2021/12/04 18:22:05 [notice] 1#1: start worker process 33
2021/12/04 18:22:05 [notice] 1#1: start worker process 34
2021/12/04 18:22:05 [notice] 1#1: start worker process 35
2021/12/04 18:22:55 [notice] 1#1: using the "epoll" event method
2021/12/04 18:22:55 [notice] 1#1: nginx/1.21.4
2021/12/04 18:22:55 [notice] 1#1: built by gcc 10.2.1 20210110 (Debian 10.2.1-6) 
2021/12/04 18:22:55 [notice] 1#1: OS: Linux 5.10.47-linuxkit
2021/12/04 18:22:55 [notice] 1#1: getrlimit(RLIMIT_NOFILE): 1048576:1048576
2021/12/04 18:22:55 [notice] 1#1: start worker processes
2021/12/04 18:22:55 [notice] 1#1: start worker process 23
2021/12/04 18:22:55 [notice] 1#1: start worker process 24
2021/12/04 18:22:55 [notice] 1#1: start worker process 25
2021/12/04 18:22:55 [notice] 1#1: start worker process 26
2021/12/04 18:27:49 [notice] 1#1: using the "epoll" event method
2021/12/04 18:27:49 [notice] 1#1: nginx/1.21.4
2021/12/04 18:27:49 [notice] 1#1: built by gcc 10.2.1 20210110 (Debian 10.2.1-6) 
2021/12/04 18:27:49 [notice] 1#1: OS: Linux 5.10.47-linuxkit
2021/12/04 18:27:49 [notice] 1#1: getrlimit(RLIMIT_NOFILE): 1048576:1048576
2021/12/04 18:27:49 [notice] 1#1: start worker processes
2021/12/04 18:27:49 [notice] 1#1: start worker process 25
2021/12/04 18:27:49 [notice] 1#1: start worker process 26
2021/12/04 18:27:49 [notice] 1#1: start worker process 27
2021/12/04 18:27:49 [notice] 1#1: start worker process 28
2021/12/04 18:54:47 [error] 26#26: *6 open() "/usr/share/nginx/html/adfasfd" failed (2: No such file or directory), client: 192.168.0.1, server: localhost, request: "GET /adfasfd HTTP/1.1", host: "localhost"
2021/12/04 19:04:21 [error] 25#25: *7 open() "/usr/share/nginx/html/osakfdopjaspfoas" failed (2: No such file or directory), client: 192.168.0.1, server: localhost, request: "GET /osakfdopjaspfoas HTTP/1.1", host: "localhost"
2021/12/04 19:04:34 [error] 25#25: *10 open() "/usr/share/nginx/html/aaaa" failed (2: No such file or directory), client: 192.168.0.1, server: localhost, request: "POST /aaaa HTTP/1.1", host: "localhost"
2021/12/04 20:46:02 [error] 25#25: *11 open() "/usr/share/nginx/html/osakfdopjaspfoas" failed (2: No such file or directory), client: 192.168.0.1, server: localhost, request: "GET /osakfdopjaspfoas HTTP/1.1", host: "localhost"
2021/12/04 20:47:03 [notice] 1#1: using the "epoll" event method
2021/12/04 20:47:03 [notice] 1#1: nginx/1.21.4
2021/12/04 20:47:03 [notice] 1#1: built by gcc 10.2.1 20210110 (Debian 10.2.1-6) 
2021/12/04 20:47:03 [notice] 1#1: OS: Linux 5.10.47-linuxkit
2021/12/04 20:47:03 [notice] 1#1: getrlimit(RLIMIT_NOFILE): 1048576:1048576
2021/12/04 20:47:03 [notice] 1#1: start worker processes
2021/12/04 20:47:03 [notice] 1#1: start worker process 25
2021/12/04 20:47:03 [notice] 1#1: start worker process 26
2021/12/04 20:47:03 [notice] 1#1: start worker process 27
2021/12/04 20:47:03 [notice] 1#1: start worker process 28
2021/12/04 20:49:57 [error] 25#25: *1 open() "/usr/share/nginx/html/index" failed (2: No such file or directory), client: 192.168.0.1, server: localhost, request: "GET /index HTTP/1.1", host: "localhost"
2021/12/04 21:16:32 [error] 26#26: *7 open() "/usr/share/nginx/html/asdfasdf" failed (2: No such file or directory), client: 192.168.0.1, server: localhost, request: "GET /asdfasdf HTTP/1.1", host: "localhost"
2021/12/04 21:16:33 [error] 26#26: *7 open() "/usr/share/nginx/html/asdfasdf" failed (2: No such file or directory), client: 192.168.0.1, server: localhost, request: "GET /asdfasdf HTTP/1.1", host: "localhost"
2021/12/04 21:16:34 [error] 26#26: *7 open() "/usr/share/nginx/html/asdfasdf" failed (2: No such file or directory), client: 192.168.0.1, server: localhost, request: "GET /asdfasdf HTTP/1.1", host: "localhost"
2021/12/04 21:16:35 [error] 26#26: *7 open() "/usr/share/nginx/html/aiueo" failed (2: No such file or directory), client: 192.168.0.1, server: localhost, request: "GET /aiueo HTTP/1.1", host: "localhost"
2021/12/04 21:26:22 [error] 25#25: *8 open() "/usr/share/nginx/html/aiueo" failed (2: No such file or directory), client: 192.168.0.1, server: localhost, request: "GET /aiueo HTTP/1.1", host: "localhost"
